{
  "stats": {
    "suites": 1,
    "tests": 1,
    "passes": 1,
    "pending": 0,
    "failures": 0,
    "start": "2020-09-12T12:13:05.774Z",
    "end": "2020-09-12T12:13:46.315Z",
    "duration": 40541,
    "testsRegistered": 1,
    "passPercent": 100,
    "pendingPercent": 0,
    "other": 0,
    "hasOther": false,
    "skipped": 0,
    "hasSkipped": false
  },
  "results": [
    {
      "uuid": "506f1669-43c4-4810-8ccb-66cdb63c3c12",
      "title": "",
      "fullFile": "cypress/integration/regression/CreateAccount.spec copy 2.js",
      "file": "cypress/integration/regression/CreateAccount.spec copy 2.js",
      "beforeHooks": [],
      "afterHooks": [],
      "tests": [],
      "suites": [
        {
          "uuid": "c7524b36-e42e-4134-b58d-c0f9f0c4819b",
          "title": "Create Account",
          "fullFile": "",
          "file": "",
          "beforeHooks": [],
          "afterHooks": [],
          "tests": [
            {
              "title": "Create Parent Account",
              "fullTitle": "Create Account Create Parent Account",
              "timedOut": null,
              "duration": 35763,
              "state": "passed",
              "speed": "slow",
              "pass": true,
              "fail": false,
              "pending": false,
              "context": null,
              "code": "cy.LaunchApplication();\nhomePageObj.checkifHomePageOpened();\nhomePageObj.clickOnParentSignUpBtn();\nregistrationPageObj.checkRegistartionPageOpened();\nregistrationPageObj.selectPrefix(\"Mr.\");\nvar firstName = \"automationfname\" + makeid(3);\naccountdetails[\"firstName\"] = firstName;\nregistrationPageObj.enterFirstName(firstName);\ncy.log(\"firstname is \" + accountdetails[\"firstName\"]);\nvar lastName = \"automationlname\" + makeid(3);\nregistrationPageObj.enterInitial(\"Mr\");\nregistrationPageObj.enterLastName(lastName);\naccountdetails[\"lastName\"] = lastName;\nregistrationPageObj.enterPrimaryPhoneNo(\"555-5555-5555\");\nregistrationPageObj.selectPrimaryPhoneType(\"Mobile\");\nregistrationPageObj.enterPrarentAddressLineOne(\"191 NY\");\nregistrationPageObj.enterPrarentAddressLineTwo(\"NJ\");\nregistrationPageObj.selectCountry(\"India\");\nregistrationPageObj.enterCity(\"New York\");\nregistrationPageObj.enterZip(\"11111\"); //registrationPageObj.selectState(\"AE\")\nregistrationPageObj.enterParentEmail(firstName + \"@gmail.com\");\nregistrationPageObj.enterParentPassword(\"pencils14!\");\nregistrationPageObj.enterConfirmPassword(\"pencils14!\");",
              "err": {},
              "uuid": "3dba3b42-78d1-448d-b429-dd7b1a103a87",
              "parentUUID": "c7524b36-e42e-4134-b58d-c0f9f0c4819b",
              "isHook": false,
              "skipped": false
            }
          ],
          "suites": [],
          "passes": [
            "3dba3b42-78d1-448d-b429-dd7b1a103a87"
          ],
          "failures": [],
          "pending": [],
          "skipped": [],
          "duration": 35763,
          "root": false,
          "rootEmpty": false,
          "_timeout": 2000
        }
      ],
      "passes": [],
      "failures": [],
      "pending": [],
      "skipped": [],
      "duration": 0,
      "root": true,
      "rootEmpty": true,
      "_timeout": 2000
    }
  ],
  "meta": {
    "mocha": {
      "version": "7.0.1"
    },
    "mochawesome": {
      "options": {
        "quiet": false,
        "reportFilename": "mochawesome",
        "saveHtml": false,
        "saveJson": true,
        "consoleReporter": "spec",
        "useInlineDiffs": false,
        "code": true
      },
      "version": "6.1.1"
    },
    "marge": {
      "options": {
        "id": "default",
        "reportDir": "cypress/reports/mocha",
        "quite": true,
        "overwrite": false,
        "html": false,
        "json": true
      },
      "version": "5.1.0"
    }
  }
}