{
  "stats": {
    "suites": 2,
    "tests": 2,
    "passes": 1,
    "pending": 0,
    "failures": 1,
    "start": "2020-09-08T13:13:11.523Z",
    "end": "2020-09-08T13:13:11.523Z",
    "duration": 37968,
    "testsRegistered": 2,
    "passPercent": 50,
    "pendingPercent": 0,
    "other": 0,
    "hasOther": false,
    "skipped": 0,
    "hasSkipped": false
  },
  "results": [
    {
      "uuid": "f4716162-a780-49e4-8459-4460d4f432c6",
      "title": "",
      "fullFile": "cypress/integration/testCases/2.spec.js",
      "file": "cypress/integration/testCases/2.spec.js",
      "beforeHooks": [],
      "afterHooks": [],
      "tests": [],
      "suites": [
        {
          "uuid": "635a66fb-0b25-4fee-830c-59a2ee31fba0",
          "title": "CreateAccount",
          "fullFile": "",
          "file": "",
          "beforeHooks": [],
          "afterHooks": [],
          "tests": [
            {
              "title": "Create Parent Account",
              "fullTitle": "CreateAccount Create Parent Account",
              "timedOut": null,
              "duration": 25968,
              "state": "passed",
              "speed": "slow",
              "pass": true,
              "fail": false,
              "pending": false,
              "context": null,
              "code": "cy.location('protocol').should('eq', 'https:');\ncy.get('p').contains('click here').first().click();",
              "err": {},
              "uuid": "cc065805-87e0-4ae2-b51f-7d8b3a51c87e",
              "parentUUID": "635a66fb-0b25-4fee-830c-59a2ee31fba0",
              "isHook": false,
              "skipped": false
            }
          ],
          "suites": [],
          "passes": [
            "cc065805-87e0-4ae2-b51f-7d8b3a51c87e"
          ],
          "failures": [],
          "pending": [],
          "skipped": [],
          "duration": 25968,
          "root": false,
          "rootEmpty": false,
          "_timeout": 2000
        }
      ],
      "passes": [],
      "failures": [],
      "pending": [],
      "skipped": [],
      "duration": 0,
      "root": true,
      "rootEmpty": true,
      "_timeout": 2000
    },
    {
      "uuid": "024251ce-817a-47d1-8b00-bd1207f87545",
      "title": "",
      "fullFile": "cypress/integration/testCases/CreateAccount.spec.js",
      "file": "cypress/integration/testCases/CreateAccount.spec.js",
      "beforeHooks": [],
      "afterHooks": [],
      "tests": [],
      "suites": [
        {
          "uuid": "c5b07619-ef83-4b6d-87e6-4806d5a6d13f",
          "title": "Create Account",
          "fullFile": "",
          "file": "",
          "beforeHooks": [],
          "afterHooks": [],
          "tests": [
            {
              "title": "CreateParentAccount",
              "fullTitle": "Create Account CreateParentAccount",
              "timedOut": null,
              "duration": 12000,
              "state": "failed",
              "speed": null,
              "pass": false,
              "fail": true,
              "pending": false,
              "context": null,
              "code": "/// cy.visit('/#')\ncy.LaunchApplication();\ncy.get('h1[class=\"text-center\"]').contains('Create an Account').should('be.visible'); ///cy.get('h1[class=\"text-center\"]').should('eq','Create an Account')\ncy.location('protocol').should('eq', 'htps:');\ncy.get('p').contains('click here').first().click();",
              "err": {
                "message": "AssertionError: Timed out retrying: expected 'https:' to equal 'htps:'",
                "estack": "AssertionError: Timed out retrying: expected 'https:' to equal 'htps:'\n    at Context.eval (https://portal-dev.ssat.org/__cypress/tests?p=cypress/integration/testCases/CreateAccount.spec.js:105:29)",
                "diff": "- 'https:'\n+ 'htps:'\n"
              },
              "uuid": "15500b73-dc29-4344-b14b-5e6a2eb3060a",
              "parentUUID": "c5b07619-ef83-4b6d-87e6-4806d5a6d13f",
              "isHook": false,
              "skipped": false
            }
          ],
          "suites": [],
          "passes": [],
          "failures": [
            "15500b73-dc29-4344-b14b-5e6a2eb3060a"
          ],
          "pending": [],
          "skipped": [],
          "duration": 12000,
          "root": false,
          "rootEmpty": false,
          "_timeout": 2000
        }
      ],
      "passes": [],
      "failures": [],
      "pending": [],
      "skipped": [],
      "duration": 0,
      "root": true,
      "rootEmpty": true,
      "_timeout": 2000
    }
  ],
  "meta": {
    "mocha": {
      "version": "7.0.1"
    },
    "mochawesome": {
      "options": {
        "quiet": false,
        "reportFilename": "mochawesome",
        "saveHtml": false,
        "saveJson": true,
        "consoleReporter": "spec",
        "useInlineDiffs": false,
        "code": true
      },
      "version": "6.1.1"
    },
    "marge": {
      "options": {
        "id": "default",
        "reportDir": "cypress/reports/mocha",
        "quite": true,
        "overwrite": false,
        "html": false,
        "json": true
      },
      "version": "5.1.0"
    }
  }
}