{
  "stats": {
    "suites": 3,
    "tests": 3,
    "passes": 2,
    "pending": 0,
    "failures": 1,
    "start": "2020-09-12T12:15:19.315Z",
    "end": "2020-09-12T12:15:19.315Z",
    "duration": 60185,
    "testsRegistered": 3,
    "passPercent": 66.66666666666667,
    "pendingPercent": 0,
    "other": 0,
    "hasOther": false,
    "skipped": 0,
    "hasSkipped": false
  },
  "results": [
    {
      "uuid": "506f1669-43c4-4810-8ccb-66cdb63c3c12",
      "title": "",
      "fullFile": "cypress/integration/regression/CreateAccount.spec copy 2.js",
      "file": "cypress/integration/regression/CreateAccount.spec copy 2.js",
      "beforeHooks": [],
      "afterHooks": [],
      "tests": [],
      "suites": [
        {
          "uuid": "c7524b36-e42e-4134-b58d-c0f9f0c4819b",
          "title": "Create Account",
          "fullFile": "",
          "file": "",
          "beforeHooks": [],
          "afterHooks": [],
          "tests": [
            {
              "title": "Create Parent Account",
              "fullTitle": "Create Account Create Parent Account",
              "timedOut": null,
              "duration": 35763,
              "state": "passed",
              "speed": "slow",
              "pass": true,
              "fail": false,
              "pending": false,
              "context": null,
              "code": "cy.LaunchApplication();\nhomePageObj.checkifHomePageOpened();\nhomePageObj.clickOnParentSignUpBtn();\nregistrationPageObj.checkRegistartionPageOpened();\nregistrationPageObj.selectPrefix(\"Mr.\");\nvar firstName = \"automationfname\" + makeid(3);\naccountdetails[\"firstName\"] = firstName;\nregistrationPageObj.enterFirstName(firstName);\ncy.log(\"firstname is \" + accountdetails[\"firstName\"]);\nvar lastName = \"automationlname\" + makeid(3);\nregistrationPageObj.enterInitial(\"Mr\");\nregistrationPageObj.enterLastName(lastName);\naccountdetails[\"lastName\"] = lastName;\nregistrationPageObj.enterPrimaryPhoneNo(\"555-5555-5555\");\nregistrationPageObj.selectPrimaryPhoneType(\"Mobile\");\nregistrationPageObj.enterPrarentAddressLineOne(\"191 NY\");\nregistrationPageObj.enterPrarentAddressLineTwo(\"NJ\");\nregistrationPageObj.selectCountry(\"India\");\nregistrationPageObj.enterCity(\"New York\");\nregistrationPageObj.enterZip(\"11111\"); //registrationPageObj.selectState(\"AE\")\nregistrationPageObj.enterParentEmail(firstName + \"@gmail.com\");\nregistrationPageObj.enterParentPassword(\"pencils14!\");\nregistrationPageObj.enterConfirmPassword(\"pencils14!\");",
              "err": {},
              "uuid": "3dba3b42-78d1-448d-b429-dd7b1a103a87",
              "parentUUID": "c7524b36-e42e-4134-b58d-c0f9f0c4819b",
              "isHook": false,
              "skipped": false
            }
          ],
          "suites": [],
          "passes": [
            "3dba3b42-78d1-448d-b429-dd7b1a103a87"
          ],
          "failures": [],
          "pending": [],
          "skipped": [],
          "duration": 35763,
          "root": false,
          "rootEmpty": false,
          "_timeout": 2000
        }
      ],
      "passes": [],
      "failures": [],
      "pending": [],
      "skipped": [],
      "duration": 0,
      "root": true,
      "rootEmpty": true,
      "_timeout": 2000
    },
    {
      "uuid": "4b8c9751-2277-4cf9-baf5-012de8267569",
      "title": "",
      "fullFile": "cypress/integration/smoke/CreateAccount.spec.js",
      "file": "cypress/integration/smoke/CreateAccount.spec.js",
      "beforeHooks": [],
      "afterHooks": [],
      "tests": [],
      "suites": [
        {
          "uuid": "d2ca0b7d-bf91-41df-aa70-d7741a9aa465",
          "title": "Create Account",
          "fullFile": "",
          "file": "",
          "beforeHooks": [],
          "afterHooks": [],
          "tests": [
            {
              "title": "CreateParentAccount",
              "fullTitle": "Create Account CreateParentAccount",
              "timedOut": null,
              "duration": 10253,
              "state": "failed",
              "speed": null,
              "pass": false,
              "fail": true,
              "pending": false,
              "context": null,
              "code": "/// cy.visit('/#')\ncy.LaunchApplication();\ncy.get('h1[class=\"text-center\"]').contains('Create an Account').should('be.visible'); ///cy.get('h1[class=\"text-center\"]').should('eq','Create an Account')\ncy.location('protocol').should('eq', 'htps:');\ncy.get('p').contains('click here').first().click();",
              "err": {
                "message": "AssertionError: Timed out retrying: expected 'https:' to equal 'htps:'",
                "estack": "AssertionError: Timed out retrying: expected 'https:' to equal 'htps:'\n    at Context.eval (https://portal-dev.ssat.org/__cypress/tests?p=cypress/integration/smoke/CreateAccount.spec.js:105:29)",
                "diff": "- 'https:'\n+ 'htps:'\n"
              },
              "uuid": "201c4c2d-98d1-4d37-b32e-172f2d278f29",
              "parentUUID": "d2ca0b7d-bf91-41df-aa70-d7741a9aa465",
              "isHook": false,
              "skipped": false
            }
          ],
          "suites": [],
          "passes": [],
          "failures": [
            "201c4c2d-98d1-4d37-b32e-172f2d278f29"
          ],
          "pending": [],
          "skipped": [],
          "duration": 10253,
          "root": false,
          "rootEmpty": false,
          "_timeout": 2000
        }
      ],
      "passes": [],
      "failures": [],
      "pending": [],
      "skipped": [],
      "duration": 0,
      "root": true,
      "rootEmpty": true,
      "_timeout": 2000
    },
    {
      "uuid": "b85d862f-6531-46e1-beeb-3361d846beea",
      "title": "",
      "fullFile": "cypress/integration/smoke/smoketestcases.js",
      "file": "cypress/integration/smoke/smoketestcases.js",
      "beforeHooks": [],
      "afterHooks": [],
      "tests": [],
      "suites": [
        {
          "uuid": "caea1635-e3c0-4bb7-b15b-4f0b0bceb5df",
          "title": "CreateAccount",
          "fullFile": "",
          "file": "",
          "beforeHooks": [],
          "afterHooks": [],
          "tests": [
            {
              "title": "Create Parent Account",
              "fullTitle": "CreateAccount Create Parent Account",
              "timedOut": null,
              "duration": 14169,
              "state": "passed",
              "speed": "slow",
              "pass": true,
              "fail": false,
              "pending": false,
              "context": null,
              "code": "cy.location('protocol').should('eq', 'https:');\ncy.get('p').contains('click here').first().click();",
              "err": {},
              "uuid": "b4d38643-3d78-4819-8d38-503415a7f037",
              "parentUUID": "caea1635-e3c0-4bb7-b15b-4f0b0bceb5df",
              "isHook": false,
              "skipped": false
            }
          ],
          "suites": [],
          "passes": [
            "b4d38643-3d78-4819-8d38-503415a7f037"
          ],
          "failures": [],
          "pending": [],
          "skipped": [],
          "duration": 14169,
          "root": false,
          "rootEmpty": false,
          "_timeout": 2000
        }
      ],
      "passes": [],
      "failures": [],
      "pending": [],
      "skipped": [],
      "duration": 0,
      "root": true,
      "rootEmpty": true,
      "_timeout": 2000
    }
  ],
  "meta": {
    "mocha": {
      "version": "7.0.1"
    },
    "mochawesome": {
      "options": {
        "quiet": false,
        "reportFilename": "mochawesome",
        "saveHtml": false,
        "saveJson": true,
        "consoleReporter": "spec",
        "useInlineDiffs": false,
        "code": true
      },
      "version": "6.1.1"
    },
    "marge": {
      "options": {
        "id": "default",
        "reportDir": "cypress/reports/mocha",
        "quite": true,
        "overwrite": false,
        "html": false,
        "json": true
      },
      "version": "5.1.0"
    }
  }
}